<?xml version="1.0" encoding="UTF-8"?>
<testng-results ignored="0" total="1" passed="1" failed="0" skipped="0">
  <reporter-output>
  </reporter-output>
  <suite started-at="2021-04-05T15:05:26 IST" name="Suite" finished-at="2021-04-05T15:05:26 IST" duration-ms="54">
    <groups>
    </groups>
    <test started-at="2021-04-05T15:05:26 IST" name="Test" finished-at="2021-04-05T15:05:26 IST" duration-ms="54">
      <class name="CalculatorDemo.CalculatorTestDemo">
        <test-method signature="addTest1()[pri:0, instance:CalculatorDemo.CalculatorTestDemo@157853da]" started-at="2021-04-05T15:05:26 IST" name="addTest1" finished-at="2021-04-05T15:05:26 IST" duration-ms="13" status="PASS">
          <reporter-output>
          </reporter-output>
        </test-method> <!-- addTest1 -->
      </class> <!-- CalculatorDemo.CalculatorTestDemo -->
    </test> <!-- Test -->
  </suite> <!-- Suite -->
</testng-results>
